#! /c/Source/iverilog-install/bin/vvp
:ivl_version "12.0 (devel)" "(s20150603-1110-g18392a46)";
:ivl_delay_selection "TYPICAL";
:vpi_time_precision - 10;
:vpi_module "C:\iverilog\lib\ivl\system.vpi";
:vpi_module "C:\iverilog\lib\ivl\vhdl_sys.vpi";
:vpi_module "C:\iverilog\lib\ivl\vhdl_textio.vpi";
:vpi_module "C:\iverilog\lib\ivl\v2005_math.vpi";
:vpi_module "C:\iverilog\lib\ivl\va_math.vpi";
S_000001f2714dbca0 .scope module, "tb" "tb" 2 2;
 .timescale -9 -10;
v000001f2716844a0_0 .var "a", 19 0;
v000001f271684540_0 .var "b", 19 0;
v000001f2716864a0_0 .net "c", 19 0, v000001f271675f20_0;  1 drivers
S_000001f271675cf0 .scope module, "U1" "dividir" 2 7, 3 1 0, S_000001f2714dbca0;
 .timescale -9 -10;
    .port_info 0 /INPUT 20 "divisor";
    .port_info 1 /INPUT 20 "dividendo";
    .port_info 2 /OUTPUT 20 "quociente";
v000001f2714dba70_0 .var "apDividendo", 19 0;
v000001f2714d6b20_0 .var "apDivisor", 19 0;
v000001f271674990_0 .net "dividendo", 19 0, v000001f2716844a0_0;  1 drivers
v000001f2714dbe30_0 .net "divisor", 19 0, v000001f271684540_0;  1 drivers
v000001f2714dbed0_0 .var "equacaoF", 19 0;
v000001f271675e80_0 .var/i "i", 31 0;
v000001f271675f20_0 .var "quociente", 19 0;
v000001f271684360_0 .var "tempDividendo", 39 0;
v000001f271684400_0 .var "tempDivisor", 39 0;
E_000001f2714dac10/0 .event anyedge, v000001f271674990_0, v000001f2714dbe30_0, v000001f2714dbed0_0, v000001f2714dba70_0;
E_000001f2714dac10/1 .event anyedge, v000001f2714d6b20_0, v000001f271684360_0, v000001f271684400_0;
E_000001f2714dac10 .event/or E_000001f2714dac10/0, E_000001f2714dac10/1;
    .scope S_000001f271675cf0;
T_0 ;
    %wait E_000001f2714dac10;
    %load/vec4 v000001f271674990_0;
    %store/vec4 v000001f2714dba70_0, 0, 20;
    %load/vec4 v000001f2714dbe30_0;
    %store/vec4 v000001f2714d6b20_0, 0, 20;
    %load/vec4 v000001f2714dbe30_0;
    %ix/load 4, 7, 0;
    %flag_set/imm 4, 0;
    %shiftr 4;
    %store/vec4 v000001f2714dbed0_0, 0, 20;
    %pushi/vec4 0, 0, 32;
    %store/vec4 v000001f271675e80_0, 0, 32;
T_0.0 ;
    %load/vec4 v000001f271675e80_0;
    %cmpi/s 5, 0, 32;
    %jmp/0xz T_0.1, 5;
    %load/vec4 v000001f2714dbed0_0;
    %pad/u 40;
    %load/vec4 v000001f2714dba70_0;
    %pad/u 40;
    %mul;
    %store/vec4 v000001f271684360_0, 0, 40;
    %load/vec4 v000001f2714dbed0_0;
    %pad/u 40;
    %load/vec4 v000001f2714d6b20_0;
    %pad/u 40;
    %mul;
    %store/vec4 v000001f271684400_0, 0, 40;
    %load/vec4 v000001f271684360_0;
    %parti/s 20, 12, 5;
    %store/vec4 v000001f2714dba70_0, 0, 20;
    %load/vec4 v000001f271684400_0;
    %parti/s 20, 12, 5;
    %store/vec4 v000001f2714d6b20_0, 0, 20;
    %pushi/vec4 8192, 0, 20;
    %load/vec4 v000001f2714d6b20_0;
    %sub;
    %store/vec4 v000001f2714dbed0_0, 0, 20;
    %vpi_call 3 25 "$display", "-----------" {0 0 0};
    %vpi_call 3 26 "$display", "Iteracao %0d", v000001f271675e80_0 {0 0 0};
    %vpi_call 3 27 "$display", "ApDividendo: %b", v000001f2714dba70_0 {0 0 0};
    %vpi_call 3 28 "$display", "ApDivisor: %b", v000001f2714d6b20_0 {0 0 0};
    %vpi_call 3 29 "$display", "equacaoF: %b", v000001f2714dbed0_0 {0 0 0};
    %vpi_call 3 30 "$display", "-----------" {0 0 0};
    %load/vec4 v000001f271675e80_0;
    %addi 1, 0, 32;
    %store/vec4 v000001f271675e80_0, 0, 32;
    %jmp T_0.0;
T_0.1 ;
    %load/vec4 v000001f2714dba70_0;
    %store/vec4 v000001f271675f20_0, 0, 20;
    %jmp T_0;
    .thread T_0, $push;
    .scope S_000001f2714dbca0;
T_1 ;
    %vpi_call 2 10 "$dumpfile", "output.vcd" {0 0 0};
    %vpi_call 2 11 "$dumpvars" {0 0 0};
    %vpi_call 2 11 "$display", "Starting simulation" {0 0 0};
    %pushi/vec4 0, 0, 20;
    %store/vec4 v000001f2716844a0_0, 0, 20;
    %pushi/vec4 0, 0, 20;
    %store/vec4 v000001f271684540_0, 0, 20;
    %delay 100, 0;
    %pushi/vec4 352256, 0, 20;
    %store/vec4 v000001f2716844a0_0, 0, 20;
    %pushi/vec4 28672, 0, 20;
    %store/vec4 v000001f271684540_0, 0, 20;
    %delay 100, 0;
    %vpi_call 2 17 "$display", "Simulation ended." {0 0 0};
    %vpi_call 2 18 "$finish" {0 0 0};
    %end;
    .thread T_1;
    .scope S_000001f2714dbca0;
T_2 ;
    %vpi_call 2 21 "$monitor", $time, " a = %b, b = %b, c = %b", v000001f2716844a0_0, v000001f271684540_0, v000001f2716864a0_0 {0 0 0};
    %end;
    .thread T_2;
# The file index is used to find the file name in the following table.
:file_names 4;
    "N/A";
    "<interactive>";
    "tb.v";
    "top.v";
