#! /c/Source/iverilog-install/bin/vvp
:ivl_version "12.0 (devel)" "(s20150603-1539-g2693dd32b)";
:ivl_delay_selection "TYPICAL";
:vpi_time_precision + 0;
:vpi_module "C:\iverilog\lib\ivl\system.vpi";
:vpi_module "C:\iverilog\lib\ivl\vhdl_sys.vpi";
:vpi_module "C:\iverilog\lib\ivl\vhdl_textio.vpi";
:vpi_module "C:\iverilog\lib\ivl\v2005_math.vpi";
:vpi_module "C:\iverilog\lib\ivl\va_math.vpi";
S_000001a77b312ce0 .scope module, "goldschmidt" "goldschmidt" 2 1;
 .timescale 0 0;
    .port_info 0 /INPUT 32 "dividendo";
    .port_info 1 /INPUT 32 "divisor";
    .port_info 2 /INPUT 1 "clock";
    .port_info 3 /INPUT 1 "reset";
    .port_info 4 /OUTPUT 32 "quociente";
v000001a77b2fbcb0_0 .var "apDivisor", 31 0;
v000001a77b312e70_0 .var "apResultado", 31 0;
o000001a77b349008 .functor BUFZ 1, C4<z>; HiZ drive
v000001a77b312f10_0 .net "clock", 0 0, o000001a77b349008;  0 drivers
o000001a77b349038 .functor BUFZ 32, C4<zzzzzzzzzzzzzzzzzzzzzzzzzzzzzzzz>; HiZ drive
v000001a77b312fb0_0 .net "dividendo", 31 0, o000001a77b349038;  0 drivers
o000001a77b349068 .functor BUFZ 32, C4<zzzzzzzzzzzzzzzzzzzzzzzzzzzzzzzz>; HiZ drive
v000001a77b313050_0 .net "divisor", 31 0, o000001a77b349068;  0 drivers
v000001a77b3130f0_0 .var "equacaoF", 31 0;
v000001a77b343cb0_0 .var/i "i", 31 0;
v000001a77b343d50_0 .var "quociente", 31 0;
o000001a77b349128 .functor BUFZ 1, C4<z>; HiZ drive
v000001a77b343df0_0 .net "reset", 0 0, o000001a77b349128;  0 drivers
E_000001a77b2f81d0 .event posedge, v000001a77b343df0_0, v000001a77b312f10_0;
    .scope S_000001a77b312ce0;
T_0 ;
    %wait E_000001a77b2f81d0;
    %load/vec4 v000001a77b343df0_0;
    %flag_set/vec4 8;
    %jmp/0xz  T_0.0, 8;
    %pushi/vec4 0, 0, 32;
    %assign/vec4 v000001a77b312e70_0, 0;
    %pushi/vec4 0, 0, 32;
    %assign/vec4 v000001a77b2fbcb0_0, 0;
    %pushi/vec4 0, 0, 32;
    %assign/vec4 v000001a77b343d50_0, 0;
    %jmp T_0.1;
T_0.0 ;
    %load/vec4 v000001a77b312fb0_0;
    %assign/vec4 v000001a77b312e70_0, 0;
    %load/vec4 v000001a77b313050_0;
    %assign/vec4 v000001a77b2fbcb0_0, 0;
    %pushi/vec4 0, 0, 32;
    %store/vec4 v000001a77b343cb0_0, 0, 32;
T_0.2 ;
    %load/vec4 v000001a77b343cb0_0;
    %cmpi/s 5, 0, 32;
    %jmp/0xz T_0.3, 5;
    %pushi/vec4 1073741824, 0, 32;
    %load/vec4 v000001a77b2fbcb0_0;
    %sub;
    %store/vec4 v000001a77b3130f0_0, 0, 32;
    %load/vec4 v000001a77b3130f0_0;
    %load/vec4 v000001a77b312e70_0;
    %mul;
    %ix/load 4, 30, 0;
    %flag_set/imm 4, 0;
    %shiftr 4;
    %store/vec4 v000001a77b312e70_0, 0, 32;
    %load/vec4 v000001a77b3130f0_0;
    %load/vec4 v000001a77b2fbcb0_0;
    %mul;
    %ix/load 4, 30, 0;
    %flag_set/imm 4, 0;
    %shiftr 4;
    %store/vec4 v000001a77b2fbcb0_0, 0, 32;
    %vpi_call 2 34 "$display", "-----------" {0 0 0};
    %vpi_call 2 35 "$display", "Itera\303\247\303\243o %0d", v000001a77b343cb0_0 {0 0 0};
    %vpi_call 2 36 "$display", "ApResultado: %h", v000001a77b312e70_0 {0 0 0};
    %vpi_call 2 37 "$display", "ApDivisor: %h", v000001a77b2fbcb0_0 {0 0 0};
    %vpi_call 2 38 "$display", "equacaoF: %h", v000001a77b3130f0_0 {0 0 0};
    %vpi_call 2 39 "$display", "-----------" {0 0 0};
    %load/vec4 v000001a77b343cb0_0;
    %addi 1, 0, 32;
    %store/vec4 v000001a77b343cb0_0, 0, 32;
    %jmp T_0.2;
T_0.3 ;
    %load/vec4 v000001a77b312e70_0;
    %store/vec4 v000001a77b343d50_0, 0, 32;
T_0.1 ;
    %jmp T_0;
    .thread T_0;
# The file index is used to find the file name in the following table.
:file_names 3;
    "N/A";
    "<interactive>";
    "goldschmidt.v";
